Device is: cuda
no of parameters is 14616958
Starting epoch: 1 of 100
Loss at iteration 0 is 1.348712682723999
Loss at iteration 100 is 0.7408348321914673
Loss at iteration 200 is 0.6639217734336853
Loss at iteration 300 is 0.6667687296867371
Loss at iteration 400 is 0.6243073344230652
Loss at iteration 500 is 0.6090801358222961
Loss at iteration 600 is 0.5872008800506592
Starting epoch: 2 of 100
Loss at iteration 0 is 0.5935201644897461
Loss at iteration 100 is 0.6001640558242798
Loss at iteration 200 is 0.6055411100387573
Loss at iteration 300 is 0.5832434296607971
Loss at iteration 400 is 0.5752519965171814
Loss at iteration 500 is 0.5845855474472046
Loss at iteration 600 is 0.5751230716705322
Starting epoch: 3 of 100
Loss at iteration 0 is 0.5982455611228943
Loss at iteration 100 is 0.5500191450119019
Loss at iteration 200 is 0.552221417427063
Loss at iteration 300 is 0.555809497833252
Loss at iteration 400 is 0.5573431849479675
Loss at iteration 500 is 0.5600720643997192
Loss at iteration 600 is 0.5460318326950073
Starting epoch: 4 of 100
Loss at iteration 0 is 0.5583161115646362
Loss at iteration 100 is 0.5644747614860535
Loss at iteration 200 is 0.5264211297035217
Loss at iteration 300 is 0.5373249053955078
Loss at iteration 400 is 0.5531255602836609
Loss at iteration 500 is 0.5156962871551514
Loss at iteration 600 is 0.5132765769958496
Starting epoch: 5 of 100
Loss at iteration 0 is 0.5313093066215515
Loss at iteration 100 is 0.5199981927871704
Loss at iteration 200 is 0.4988468289375305
Loss at iteration 300 is 0.542477548122406
Loss at iteration 400 is 0.5288194417953491
Loss at iteration 500 is 0.5448223352432251
Loss at iteration 600 is 0.5144153833389282
Starting epoch: 6 of 100
Loss at iteration 0 is 0.5297764539718628
Loss at iteration 100 is 0.48842114210128784
Loss at iteration 200 is 0.49371618032455444
Loss at iteration 300 is 0.4933623671531677
Loss at iteration 400 is 0.5165719985961914
Loss at iteration 500 is 0.5209778547286987
Loss at iteration 600 is 0.5225944519042969
Starting epoch: 7 of 100
Loss at iteration 0 is 0.5486432313919067
Loss at iteration 100 is 0.48667168617248535
Loss at iteration 200 is 0.4905371069908142
Loss at iteration 300 is 0.5057101249694824
Loss at iteration 400 is 0.5009143352508545
Loss at iteration 500 is 0.5077272653579712
Loss at iteration 600 is 0.4805167615413666
Starting epoch: 8 of 100
Loss at iteration 0 is 0.5097600817680359
Loss at iteration 100 is 0.486344575881958
Loss at iteration 200 is 0.515912652015686
Loss at iteration 300 is 0.5130991339683533
Loss at iteration 400 is 0.4986794888973236
Loss at iteration 500 is 0.4551786780357361
Loss at iteration 600 is 0.47606033086776733
Starting epoch: 9 of 100
Loss at iteration 0 is 0.48859772086143494
Loss at iteration 100 is 0.4812438488006592
Loss at iteration 200 is 0.44824355840682983
Loss at iteration 300 is 0.4876430630683899
Loss at iteration 400 is 0.5019809007644653
Loss at iteration 500 is 0.49401816725730896
Loss at iteration 600 is 0.48657652735710144
Starting epoch: 10 of 100
Loss at iteration 0 is 0.49978864192962646
Loss at iteration 100 is 0.4865231513977051
Loss at iteration 200 is 0.4770018458366394
Loss at iteration 300 is 0.4924846589565277
Loss at iteration 400 is 0.4932559132575989
Loss at iteration 500 is 0.4909948706626892
Loss at iteration 600 is 0.44749292731285095
Starting epoch: 11 of 100
Loss at iteration 0 is 0.4919678568840027
Loss at iteration 100 is 0.48416781425476074
Loss at iteration 200 is 0.4750101566314697
Loss at iteration 300 is 0.46375298500061035
Loss at iteration 400 is 0.47227799892425537
Loss at iteration 500 is 0.46972689032554626
Loss at iteration 600 is 0.4526486098766327
Starting epoch: 12 of 100
Loss at iteration 0 is 0.48829469084739685
Loss at iteration 100 is 0.48147767782211304
Loss at iteration 200 is 0.4897109866142273
Loss at iteration 300 is 0.4870963990688324
Loss at iteration 400 is 0.47194766998291016
Loss at iteration 500 is 0.49094438552856445
Loss at iteration 600 is 0.4413425922393799
Starting epoch: 13 of 100
Loss at iteration 0 is 0.46070218086242676
Loss at iteration 100 is 0.48095059394836426
Loss at iteration 200 is 0.4580545425415039
Loss at iteration 300 is 0.4704674482345581
Loss at iteration 400 is 0.48962029814720154
Loss at iteration 500 is 0.48543187975883484
Loss at iteration 600 is 0.457152783870697
Starting epoch: 14 of 100
Loss at iteration 0 is 0.4579413831233978
Loss at iteration 100 is 0.4841041564941406
Loss at iteration 200 is 0.44308122992515564
Loss at iteration 300 is 0.4781019389629364
Loss at iteration 400 is 0.4551721513271332
Loss at iteration 500 is 0.4587404131889343
Loss at iteration 600 is 0.46559691429138184
Starting epoch: 15 of 100
Loss at iteration 0 is 0.4804961681365967
Loss at iteration 100 is 0.4840238094329834
Loss at iteration 200 is 0.4608413577079773
Loss at iteration 300 is 0.453610360622406
Loss at iteration 400 is 0.4784744679927826
Loss at iteration 500 is 0.4781258702278137
Loss at iteration 600 is 0.43397945165634155
Starting epoch: 16 of 100
Loss at iteration 0 is 0.4601106643676758
Loss at iteration 100 is 0.46299752593040466
Loss at iteration 200 is 0.485158771276474
Loss at iteration 300 is 0.4334428310394287
Loss at iteration 400 is 0.47658294439315796
Loss at iteration 500 is 0.4410429894924164
Loss at iteration 600 is 0.4318242073059082
Starting epoch: 17 of 100
Loss at iteration 0 is 0.46656060218811035
Loss at iteration 100 is 0.4696064889431
Loss at iteration 200 is 0.47684964537620544
Loss at iteration 300 is 0.4750906229019165
Loss at iteration 400 is 0.45239609479904175
Loss at iteration 500 is 0.4453522562980652
Loss at iteration 600 is 0.48429399728775024
Starting epoch: 18 of 100
Loss at iteration 0 is 0.4271419942378998
Loss at iteration 100 is 0.43639644980430603
Loss at iteration 200 is 0.44598889350891113
Loss at iteration 300 is 0.4379137456417084
Loss at iteration 400 is 0.4489966630935669
Loss at iteration 500 is 0.43093687295913696
Loss at iteration 600 is 0.4281701445579529
Starting epoch: 19 of 100
Loss at iteration 0 is 0.4465838372707367
Loss at iteration 100 is 0.451469749212265
Loss at iteration 200 is 0.4535396695137024
Loss at iteration 300 is 0.45386791229248047
Loss at iteration 400 is 0.44828876852989197
Loss at iteration 500 is 0.44054126739501953
Loss at iteration 600 is 0.45729467272758484
Starting epoch: 20 of 100
Loss at iteration 0 is 0.4588314890861511
Loss at iteration 100 is 0.46978092193603516
Loss at iteration 200 is 0.4210776686668396
Loss at iteration 300 is 0.4640260934829712
Loss at iteration 400 is 0.4244993329048157
Loss at iteration 500 is 0.469266414642334
Loss at iteration 600 is 0.45112162828445435
Starting epoch: 21 of 100
Loss at iteration 0 is 0.47235071659088135
Loss at iteration 100 is 0.4389886260032654
Loss at iteration 200 is 0.44835853576660156
Loss at iteration 300 is 0.4537981450557709
Loss at iteration 400 is 0.4328506886959076
Loss at iteration 500 is 0.437222957611084
Loss at iteration 600 is 0.4416268765926361
Starting epoch: 22 of 100
Loss at iteration 0 is 0.4250933527946472
Loss at iteration 100 is 0.4538204073905945
Loss at iteration 200 is 0.44698187708854675
Loss at iteration 300 is 0.45851239562034607
Loss at iteration 400 is 0.4437858462333679
Loss at iteration 500 is 0.46780070662498474
Loss at iteration 600 is 0.4514870345592499
Starting epoch: 23 of 100
Loss at iteration 0 is 0.45884495973587036
Loss at iteration 100 is 0.43370312452316284
Loss at iteration 200 is 0.43002206087112427
Loss at iteration 300 is 0.4473152160644531
Loss at iteration 400 is 0.4207967519760132
Loss at iteration 500 is 0.41031718254089355
Loss at iteration 600 is 0.46444639563560486
Starting epoch: 24 of 100
Loss at iteration 0 is 0.4502783715724945
Loss at iteration 100 is 0.4495154023170471
Loss at iteration 200 is 0.4456738233566284
Loss at iteration 300 is 0.4551447629928589
Loss at iteration 400 is 0.4512627124786377
Loss at iteration 500 is 0.4494240880012512
Loss at iteration 600 is 0.4373399615287781
Starting epoch: 25 of 100
Loss at iteration 0 is 0.4286443591117859
Loss at iteration 100 is 0.4368089437484741
Loss at iteration 200 is 0.44593119621276855
Loss at iteration 300 is 0.4391712546348572
Loss at iteration 400 is 0.44962868094444275
Loss at iteration 500 is 0.4549231231212616
Loss at iteration 600 is 0.4471943974494934
Starting epoch: 26 of 100
Loss at iteration 0 is 0.44434937834739685
Loss at iteration 100 is 0.4387257993221283
Loss at iteration 200 is 0.43155378103256226
Loss at iteration 300 is 0.45384448766708374
Loss at iteration 400 is 0.4316856563091278
Loss at iteration 500 is 0.42082569003105164
Loss at iteration 600 is 0.4284241199493408
Starting epoch: 27 of 100
Loss at iteration 0 is 0.42330068349838257
Loss at iteration 100 is 0.42451199889183044
Loss at iteration 200 is 0.44419437646865845
Loss at iteration 300 is 0.42480918765068054
Loss at iteration 400 is 0.4438422918319702
Loss at iteration 500 is 0.4378218650817871
Loss at iteration 600 is 0.43824049830436707
Starting epoch: 28 of 100
Loss at iteration 0 is 0.4723209738731384
Loss at iteration 100 is 0.430086225271225
Loss at iteration 200 is 0.4316878318786621
Loss at iteration 300 is 0.41495999693870544
Loss at iteration 400 is 0.4332827925682068
Loss at iteration 500 is 0.44228941202163696
Loss at iteration 600 is 0.4597817659378052
Starting epoch: 29 of 100
Loss at iteration 0 is 0.4328159689903259
Loss at iteration 100 is 0.42855435609817505
Loss at iteration 200 is 0.4303332269191742
Loss at iteration 300 is 0.43069928884506226
Loss at iteration 400 is 0.4049563407897949
Loss at iteration 500 is 0.4345969557762146
Loss at iteration 600 is 0.4433826208114624
Starting epoch: 30 of 100
Loss at iteration 0 is 0.417754590511322
Loss at iteration 100 is 0.44411394000053406
Loss at iteration 200 is 0.4411996006965637
Loss at iteration 300 is 0.4391152262687683
Loss at iteration 400 is 0.4511204957962036
Loss at iteration 500 is 0.42326146364212036
Loss at iteration 600 is 0.4547143876552582
Starting epoch: 31 of 100
Loss at iteration 0 is 0.4335523545742035
Loss at iteration 100 is 0.4186539351940155
Loss at iteration 200 is 0.4220453202724457
Loss at iteration 300 is 0.414821594953537
Loss at iteration 400 is 0.4189297556877136
Loss at iteration 500 is 0.42218026518821716
Loss at iteration 600 is 0.436715692281723
Starting epoch: 32 of 100
Loss at iteration 0 is 0.43522733449935913
Loss at iteration 100 is 0.41456910967826843
Loss at iteration 200 is 0.44979867339134216
Loss at iteration 300 is 0.42724382877349854
Loss at iteration 400 is 0.47118982672691345
Loss at iteration 500 is 0.40659961104393005
Loss at iteration 600 is 0.4396279752254486
Starting epoch: 33 of 100
Loss at iteration 0 is 0.4324382543563843
Loss at iteration 100 is 0.4280221164226532
Loss at iteration 200 is 0.4203735589981079
Loss at iteration 300 is 0.4528953433036804
Loss at iteration 400 is 0.4541036784648895
Loss at iteration 500 is 0.41980403661727905
Loss at iteration 600 is 0.4104411005973816
Starting epoch: 34 of 100
Loss at iteration 0 is 0.4311234951019287
Loss at iteration 100 is 0.4096073508262634
Loss at iteration 200 is 0.46533602476119995
Loss at iteration 300 is 0.42622289061546326
Loss at iteration 400 is 0.4184873104095459
Loss at iteration 500 is 0.4135983884334564
Loss at iteration 600 is 0.43791016936302185
Starting epoch: 35 of 100
Loss at iteration 0 is 0.43899819254875183
Loss at iteration 100 is 0.4151245951652527
Loss at iteration 200 is 0.43325871229171753
Loss at iteration 300 is 0.4205852746963501
Loss at iteration 400 is 0.42058229446411133
Loss at iteration 500 is 0.41877633333206177
Loss at iteration 600 is 0.4396533668041229
Starting epoch: 36 of 100
Loss at iteration 0 is 0.41827377676963806
Loss at iteration 100 is 0.42197108268737793
Loss at iteration 200 is 0.408738374710083
Loss at iteration 300 is 0.42650890350341797
Loss at iteration 400 is 0.3939220905303955
Loss at iteration 500 is 0.4144638180732727
Loss at iteration 600 is 0.40768739581108093
Starting epoch: 37 of 100
Loss at iteration 0 is 0.4131861627101898
Loss at iteration 100 is 0.43961769342422485
Loss at iteration 200 is 0.4227275848388672
Loss at iteration 300 is 0.4185643792152405
Loss at iteration 400 is 0.43238991498947144
Loss at iteration 500 is 0.43516477942466736
Loss at iteration 600 is 0.39092010259628296
Starting epoch: 38 of 100
Loss at iteration 0 is 0.4095536172389984
Loss at iteration 100 is 0.4327770471572876
Loss at iteration 200 is 0.4184311032295227
Loss at iteration 300 is 0.4301295280456543
Loss at iteration 400 is 0.41984403133392334
Loss at iteration 500 is 0.4250098168849945
Loss at iteration 600 is 0.40683192014694214
Starting epoch: 39 of 100
Loss at iteration 0 is 0.416677325963974
Loss at iteration 100 is 0.414325475692749
Loss at iteration 200 is 0.4311680793762207
Loss at iteration 300 is 0.442157119512558
Loss at iteration 400 is 0.39079639315605164
Loss at iteration 500 is 0.4340609908103943
Loss at iteration 600 is 0.4083403944969177
Starting epoch: 40 of 100
Loss at iteration 0 is 0.4105788469314575
Loss at iteration 100 is 0.4125607907772064
Loss at iteration 200 is 0.4204953908920288
Loss at iteration 300 is 0.4136197566986084
Loss at iteration 400 is 0.4144328534603119
Loss at iteration 500 is 0.41225630044937134
Loss at iteration 600 is 0.4148101508617401
Starting epoch: 41 of 100
Loss at iteration 0 is 0.42199182510375977
Loss at iteration 100 is 0.4198991656303406
Loss at iteration 200 is 0.41278085112571716
Loss at iteration 300 is 0.4046109616756439
Loss at iteration 400 is 0.42296338081359863
Loss at iteration 500 is 0.41507840156555176
Loss at iteration 600 is 0.41505759954452515
Starting epoch: 42 of 100
Loss at iteration 0 is 0.44185417890548706
Loss at iteration 100 is 0.39947327971458435
Loss at iteration 200 is 0.4144747257232666
Loss at iteration 300 is 0.4042562246322632
Loss at iteration 400 is 0.4207109212875366
Loss at iteration 500 is 0.413656085729599
Loss at iteration 600 is 0.41347736120224
Starting epoch: 43 of 100
Loss at iteration 0 is 0.4159371852874756
Loss at iteration 100 is 0.4243076741695404
Loss at iteration 200 is 0.4452415704727173
Loss at iteration 300 is 0.4066443145275116
Loss at iteration 400 is 0.41769060492515564
Loss at iteration 500 is 0.440590500831604
Loss at iteration 600 is 0.41657397150993347
Starting epoch: 44 of 100
Loss at iteration 0 is 0.4428653120994568
Loss at iteration 100 is 0.3923833966255188
Loss at iteration 200 is 0.4052808880805969
Loss at iteration 300 is 0.4100358486175537
Loss at iteration 400 is 0.3994373679161072
Loss at iteration 500 is 0.40834254026412964
Loss at iteration 600 is 0.4160690903663635
Starting epoch: 45 of 100
Loss at iteration 0 is 0.4038066864013672
Loss at iteration 100 is 0.406078577041626
Loss at iteration 200 is 0.43919700384140015
Loss at iteration 300 is 0.41711360216140747
Loss at iteration 400 is 0.40952420234680176
Loss at iteration 500 is 0.41802558302879333
Loss at iteration 600 is 0.4170607030391693
Starting epoch: 46 of 100
Loss at iteration 0 is 0.4169280529022217
Loss at iteration 100 is 0.3922787606716156
Loss at iteration 200 is 0.4277278184890747
Loss at iteration 300 is 0.42785272002220154
Loss at iteration 400 is 0.39990657567977905
Loss at iteration 500 is 0.4011409878730774
Loss at iteration 600 is 0.40804076194763184
Starting epoch: 47 of 100
Loss at iteration 0 is 0.4074065685272217
Loss at iteration 100 is 0.42251715064048767
Loss at iteration 200 is 0.41587042808532715
Loss at iteration 300 is 0.41762837767601013
Loss at iteration 400 is 0.40589576959609985
Loss at iteration 500 is 0.4069877564907074
Loss at iteration 600 is 0.4088398218154907
Starting epoch: 48 of 100
Loss at iteration 0 is 0.4181057810783386
Loss at iteration 100 is 0.4138237237930298
Loss at iteration 200 is 0.4112977385520935
Loss at iteration 300 is 0.43649110198020935
Loss at iteration 400 is 0.44213467836380005
Loss at iteration 500 is 0.41837847232818604
Loss at iteration 600 is 0.41515475511550903
Starting epoch: 49 of 100
Loss at iteration 0 is 0.413896381855011
Loss at iteration 100 is 0.41498899459838867
Loss at iteration 200 is 0.4182302951812744
Loss at iteration 300 is 0.423897922039032
Loss at iteration 400 is 0.44103944301605225
Loss at iteration 500 is 0.3946111798286438
Loss at iteration 600 is 0.4272780418395996
Starting epoch: 50 of 100
Loss at iteration 0 is 0.42130160331726074
Loss at iteration 100 is 0.4023064374923706
Loss at iteration 200 is 0.4045717120170593
Loss at iteration 300 is 0.4114503264427185
Loss at iteration 400 is 0.3862689435482025
Loss at iteration 500 is 0.399906724691391
Loss at iteration 600 is 0.397887647151947
Starting epoch: 51 of 100
Loss at iteration 0 is 0.41861820220947266
Loss at iteration 100 is 0.41761308908462524
Loss at iteration 200 is 0.41460615396499634
Loss at iteration 300 is 0.40763911604881287
Loss at iteration 400 is 0.3923519551753998
Loss at iteration 500 is 0.4178094267845154
Loss at iteration 600 is 0.41180574893951416
Starting epoch: 52 of 100
Loss at iteration 0 is 0.40121036767959595
Loss at iteration 100 is 0.4068017899990082
Loss at iteration 200 is 0.4253948926925659
Loss at iteration 300 is 0.4179459512233734
Loss at iteration 400 is 0.3834341764450073
Loss at iteration 500 is 0.4249861240386963
Loss at iteration 600 is 0.3989609479904175
Starting epoch: 53 of 100
Loss at iteration 0 is 0.4226688742637634
Loss at iteration 100 is 0.39921268820762634
Loss at iteration 200 is 0.4022556245326996
Loss at iteration 300 is 0.4137113094329834
Loss at iteration 400 is 0.40231987833976746
Loss at iteration 500 is 0.4078699052333832
Loss at iteration 600 is 0.4221816062927246
Starting epoch: 54 of 100
Loss at iteration 0 is 0.436491459608078
Loss at iteration 100 is 0.3896188735961914
Loss at iteration 200 is 0.44870758056640625
Loss at iteration 300 is 0.417061984539032
Loss at iteration 400 is 0.42688843607902527
Loss at iteration 500 is 0.4317857623100281
Loss at iteration 600 is 0.43908029794692993
Starting epoch: 55 of 100
Loss at iteration 0 is 0.4198516309261322
Loss at iteration 100 is 0.41856813430786133
Loss at iteration 200 is 0.43459925055503845
Loss at iteration 300 is 0.3981444239616394
Loss at iteration 400 is 0.42860445380210876
Loss at iteration 500 is 0.4146733283996582
Loss at iteration 600 is 0.3907521367073059
Starting epoch: 56 of 100
Loss at iteration 0 is 0.4207552373409271
Loss at iteration 100 is 0.4074423015117645
Loss at iteration 200 is 0.41536492109298706
Loss at iteration 300 is 0.3961634337902069
Loss at iteration 400 is 0.43723785877227783
Loss at iteration 500 is 0.4092790484428406
Loss at iteration 600 is 0.393571138381958
Starting epoch: 57 of 100
Loss at iteration 0 is 0.40240615606307983
Loss at iteration 100 is 0.41205161809921265
Loss at iteration 200 is 0.4001522660255432
Loss at iteration 300 is 0.414707750082016
Loss at iteration 400 is 0.417341947555542
Loss at iteration 500 is 0.4080371558666229
Loss at iteration 600 is 0.4120841920375824
Starting epoch: 58 of 100
Loss at iteration 0 is 0.40345582365989685
Loss at iteration 100 is 0.4040059745311737
Loss at iteration 200 is 0.4534980058670044
Loss at iteration 300 is 0.4216158092021942
Loss at iteration 400 is 0.4043903350830078
Loss at iteration 500 is 0.4104214608669281
Loss at iteration 600 is 0.4028095602989197
Starting epoch: 59 of 100
Loss at iteration 0 is 0.4118083417415619
Loss at iteration 100 is 0.38962072134017944
Loss at iteration 200 is 0.3950943946838379
Loss at iteration 300 is 0.42256516218185425
Loss at iteration 400 is 0.39579886198043823
Loss at iteration 500 is 0.430536687374115
Loss at iteration 600 is 0.40225911140441895
Starting epoch: 60 of 100
Loss at iteration 0 is 0.40822291374206543
Loss at iteration 100 is 0.406719446182251
Loss at iteration 200 is 0.4048364758491516
Loss at iteration 300 is 0.40847110748291016
Loss at iteration 400 is 0.4191697835922241
Loss at iteration 500 is 0.39325055480003357
Loss at iteration 600 is 0.39973610639572144
Starting epoch: 61 of 100
Loss at iteration 0 is 0.40601617097854614
Loss at iteration 100 is 0.39742136001586914
Loss at iteration 200 is 0.40701889991760254
Loss at iteration 300 is 0.4148218631744385
Loss at iteration 400 is 0.40285977721214294
Loss at iteration 500 is 0.39946138858795166
Loss at iteration 600 is 0.40946364402770996
Starting epoch: 62 of 100
Loss at iteration 0 is 0.39499568939208984
Loss at iteration 100 is 0.42274102568626404
Loss at iteration 200 is 0.4442296028137207
Loss at iteration 300 is 0.37962695956230164
Loss at iteration 400 is 0.42384302616119385
Loss at iteration 500 is 0.3925348222255707
Loss at iteration 600 is 0.4005635678768158
Starting epoch: 63 of 100
Loss at iteration 0 is 0.3960232436656952
Loss at iteration 100 is 0.4052364230155945
Loss at iteration 200 is 0.4406304359436035
Loss at iteration 300 is 0.38965195417404175
Loss at iteration 400 is 0.4076167941093445
Loss at iteration 500 is 0.4008030593395233
Loss at iteration 600 is 0.4260651767253876
Starting epoch: 64 of 100
Loss at iteration 0 is 0.38557934761047363
Loss at iteration 100 is 0.43030858039855957
Loss at iteration 200 is 0.4312182366847992
Loss at iteration 300 is 0.3902242183685303
Loss at iteration 400 is 0.396950900554657
Loss at iteration 500 is 0.40889686346054077
Loss at iteration 600 is 0.4020480513572693
Starting epoch: 65 of 100
Loss at iteration 0 is 0.4153978228569031
Loss at iteration 100 is 0.3697478473186493
Loss at iteration 200 is 0.4171299934387207
Loss at iteration 300 is 0.39175647497177124
Loss at iteration 400 is 0.39168649911880493
Loss at iteration 500 is 0.39013975858688354
Loss at iteration 600 is 0.4117904603481293
Starting epoch: 66 of 100
Loss at iteration 0 is 0.4198513925075531
Loss at iteration 100 is 0.3887960910797119
Loss at iteration 200 is 0.40160423517227173
Loss at iteration 300 is 0.3999048173427582
Loss at iteration 400 is 0.39598917961120605
Loss at iteration 500 is 0.40887731313705444
Loss at iteration 600 is 0.41306614875793457
Starting epoch: 67 of 100
Loss at iteration 0 is 0.38334786891937256
Loss at iteration 100 is 0.3903089165687561
Loss at iteration 200 is 0.4182724952697754
Loss at iteration 300 is 0.386774480342865
Loss at iteration 400 is 0.40650439262390137
Loss at iteration 500 is 0.3920668065547943
Loss at iteration 600 is 0.4171633720397949
Starting epoch: 68 of 100
Loss at iteration 0 is 0.4208892285823822
Loss at iteration 100 is 0.3907199800014496
Loss at iteration 200 is 0.40111780166625977
Loss at iteration 300 is 0.39289116859436035
Loss at iteration 400 is 0.4204564094543457
Loss at iteration 500 is 0.38617396354675293
Loss at iteration 600 is 0.4138689637184143
Starting epoch: 69 of 100
Loss at iteration 0 is 0.3998959958553314
Loss at iteration 100 is 0.3986538052558899
Loss at iteration 200 is 0.4232653081417084
Loss at iteration 300 is 0.3945011496543884
Loss at iteration 400 is 0.3818058967590332
Loss at iteration 500 is 0.41013938188552856
Loss at iteration 600 is 0.41507160663604736
Starting epoch: 70 of 100
Loss at iteration 0 is 0.39981532096862793
Loss at iteration 100 is 0.43398842215538025
Loss at iteration 200 is 0.4104534089565277
Loss at iteration 300 is 0.43005645275115967
Loss at iteration 400 is 0.38805878162384033
Loss at iteration 500 is 0.39360666275024414
Loss at iteration 600 is 0.3951989412307739
Starting epoch: 71 of 100
Loss at iteration 0 is 0.39774879813194275
Loss at iteration 100 is 0.40501636266708374
Loss at iteration 200 is 0.4061807096004486
Loss at iteration 300 is 0.39203566312789917
Loss at iteration 400 is 0.40882766246795654
Loss at iteration 500 is 0.3628605306148529
Loss at iteration 600 is 0.40526485443115234
Starting epoch: 72 of 100
Loss at iteration 0 is 0.4174180030822754
Loss at iteration 100 is 0.41540324687957764
Loss at iteration 200 is 0.41566038131713867
Loss at iteration 300 is 0.40112024545669556
Loss at iteration 400 is 0.4030842185020447
Loss at iteration 500 is 0.38338205218315125
Loss at iteration 600 is 0.40191444754600525
Starting epoch: 73 of 100
Loss at iteration 0 is 0.3781079649925232
Loss at iteration 100 is 0.3988133370876312
Loss at iteration 200 is 0.40265339612960815
Loss at iteration 300 is 0.3940132260322571
Loss at iteration 400 is 0.40531057119369507
Loss at iteration 500 is 0.3969053626060486
Loss at iteration 600 is 0.4006463885307312
Starting epoch: 74 of 100
Loss at iteration 0 is 0.3820982873439789
Loss at iteration 100 is 0.4042632281780243
Loss at iteration 200 is 0.40021318197250366
Loss at iteration 300 is 0.4279216527938843
Loss at iteration 400 is 0.39113396406173706
Loss at iteration 500 is 0.3961212635040283
Loss at iteration 600 is 0.41522178053855896
Starting epoch: 75 of 100
Loss at iteration 0 is 0.3939555287361145
Loss at iteration 100 is 0.39751070737838745
Loss at iteration 200 is 0.3998810648918152
Loss at iteration 300 is 0.4188065528869629
Loss at iteration 400 is 0.40550488233566284
Loss at iteration 500 is 0.4098813235759735
Loss at iteration 600 is 0.3841075301170349
Starting epoch: 76 of 100
Loss at iteration 0 is 0.38794970512390137
Loss at iteration 100 is 0.38332638144493103
Loss at iteration 200 is 0.3996885418891907
Loss at iteration 300 is 0.3912065029144287
Loss at iteration 400 is 0.38996824622154236
Loss at iteration 500 is 0.38099128007888794
Loss at iteration 600 is 0.41324347257614136
Starting epoch: 77 of 100
Loss at iteration 0 is 0.422465980052948
Loss at iteration 100 is 0.3918111324310303
Loss at iteration 200 is 0.40079423785209656
Loss at iteration 300 is 0.39145439863204956
Loss at iteration 400 is 0.42555636167526245
Loss at iteration 500 is 0.4128882884979248
Loss at iteration 600 is 0.3891600966453552
Starting epoch: 78 of 100
Loss at iteration 0 is 0.4104456305503845
Loss at iteration 100 is 0.3874611258506775
Loss at iteration 200 is 0.4141240119934082
Loss at iteration 300 is 0.4001094102859497
Loss at iteration 400 is 0.4038267135620117
Loss at iteration 500 is 0.3970322608947754
Loss at iteration 600 is 0.3849303126335144
Starting epoch: 79 of 100
Loss at iteration 0 is 0.389297217130661
Loss at iteration 100 is 0.41166019439697266
Loss at iteration 200 is 0.4039376676082611
Loss at iteration 300 is 0.4038700461387634
Loss at iteration 400 is 0.3999175727367401
Loss at iteration 500 is 0.41341543197631836
Loss at iteration 600 is 0.4051210284233093
Starting epoch: 80 of 100
Loss at iteration 0 is 0.39571434259414673
Loss at iteration 100 is 0.4131314158439636
Loss at iteration 200 is 0.3823184669017792
Loss at iteration 300 is 0.37990719079971313
Loss at iteration 400 is 0.3986264169216156
Loss at iteration 500 is 0.39155611395835876
Loss at iteration 600 is 0.40956076979637146
Starting epoch: 81 of 100
Loss at iteration 0 is 0.3706042170524597
Loss at iteration 100 is 0.4026562571525574
Loss at iteration 200 is 0.4041094183921814
Loss at iteration 300 is 0.3823094964027405
Loss at iteration 400 is 0.3871348798274994
Loss at iteration 500 is 0.40135079622268677
Loss at iteration 600 is 0.4147956371307373
Starting epoch: 82 of 100
Loss at iteration 0 is 0.3892368674278259
Loss at iteration 100 is 0.4011404514312744
Loss at iteration 200 is 0.4060284495353699
Loss at iteration 300 is 0.4068010449409485
Loss at iteration 400 is 0.41293764114379883
Loss at iteration 500 is 0.3894619643688202
Loss at iteration 600 is 0.37196892499923706
Starting epoch: 83 of 100
Loss at iteration 0 is 0.3969895839691162
Loss at iteration 100 is 0.3940262198448181
Loss at iteration 200 is 0.41240525245666504
Loss at iteration 300 is 0.38183820247650146
Loss at iteration 400 is 0.40952929854393005
Loss at iteration 500 is 0.3747348189353943
Loss at iteration 600 is 0.4164358079433441
Starting epoch: 84 of 100
Loss at iteration 0 is 0.3845940828323364
Loss at iteration 100 is 0.38725078105926514
Loss at iteration 200 is 0.3997722566127777
Loss at iteration 300 is 0.39986690878868103
Loss at iteration 400 is 0.39666566252708435
Loss at iteration 500 is 0.42811697721481323
Loss at iteration 600 is 0.3923149108886719
Starting epoch: 85 of 100
Loss at iteration 0 is 0.37574005126953125
Loss at iteration 100 is 0.3907686471939087
Loss at iteration 200 is 0.38858556747436523
Loss at iteration 300 is 0.37993621826171875
Loss at iteration 400 is 0.41123002767562866
Loss at iteration 500 is 0.40296339988708496
Loss at iteration 600 is 0.3934195637702942
Starting epoch: 86 of 100
Loss at iteration 0 is 0.39053481817245483
Loss at iteration 100 is 0.3762776255607605
Loss at iteration 200 is 0.40535545349121094
Loss at iteration 300 is 0.41636401414871216
Loss at iteration 400 is 0.3911305367946625
Loss at iteration 500 is 0.40612584352493286
Loss at iteration 600 is 0.37671980261802673
Starting epoch: 87 of 100
Loss at iteration 0 is 0.40598052740097046
Loss at iteration 100 is 0.4359029233455658
Loss at iteration 200 is 0.3869570195674896
Loss at iteration 300 is 0.3838028609752655
Loss at iteration 400 is 0.3751077651977539
Loss at iteration 500 is 0.3927692770957947
Loss at iteration 600 is 0.3818682134151459
Starting epoch: 88 of 100
Loss at iteration 0 is 0.39537477493286133
Loss at iteration 100 is 0.37327641248703003
Loss at iteration 200 is 0.3858606517314911
Loss at iteration 300 is 0.3832464814186096
Loss at iteration 400 is 0.4045512080192566
Loss at iteration 500 is 0.38897639513015747
Loss at iteration 600 is 0.3868987560272217
Starting epoch: 89 of 100
Loss at iteration 0 is 0.3793273866176605
Loss at iteration 100 is 0.4111686646938324
Loss at iteration 200 is 0.4001924395561218
Loss at iteration 300 is 0.3886098563671112
Loss at iteration 400 is 0.40336474776268005
Loss at iteration 500 is 0.42255157232284546
Loss at iteration 600 is 0.42650365829467773
Starting epoch: 90 of 100
Loss at iteration 0 is 0.3872522711753845
Loss at iteration 100 is 0.36350736021995544
Loss at iteration 200 is 0.3937772214412689
Loss at iteration 300 is 0.3803452253341675
Loss at iteration 400 is 0.4047345817089081
Loss at iteration 500 is 0.404529333114624
Loss at iteration 600 is 0.3983176350593567
Starting epoch: 91 of 100
Loss at iteration 0 is 0.38631486892700195
Loss at iteration 100 is 0.42590874433517456
Loss at iteration 200 is 0.37575221061706543
Loss at iteration 300 is 0.4033055901527405
Loss at iteration 400 is 0.413012832403183
Loss at iteration 500 is 0.4104592204093933
Loss at iteration 600 is 0.4015299677848816
Starting epoch: 92 of 100
Loss at iteration 0 is 0.4112550914287567
Loss at iteration 100 is 0.4062469005584717
Loss at iteration 200 is 0.37503576278686523
Loss at iteration 300 is 0.40376633405685425
Loss at iteration 400 is 0.38377106189727783
Loss at iteration 500 is 0.38099801540374756
Loss at iteration 600 is 0.37694811820983887
Starting epoch: 93 of 100
Loss at iteration 0 is 0.3962843418121338
Loss at iteration 100 is 0.3881640136241913
Loss at iteration 200 is 0.3717520236968994
Loss at iteration 300 is 0.394782155752182
Loss at iteration 400 is 0.4159526228904724
Loss at iteration 500 is 0.369276762008667
Loss at iteration 600 is 0.39249157905578613
Starting epoch: 94 of 100
Loss at iteration 0 is 0.3828549385070801
Loss at iteration 100 is 0.39076006412506104
Loss at iteration 200 is 0.41083836555480957
Loss at iteration 300 is 0.41243237257003784
Loss at iteration 400 is 0.39895567297935486
Loss at iteration 500 is 0.4081243872642517
Loss at iteration 600 is 0.3582631051540375
Starting epoch: 95 of 100
Loss at iteration 0 is 0.42231231927871704
Loss at iteration 100 is 0.3822600245475769
Loss at iteration 200 is 0.40851259231567383
Loss at iteration 300 is 0.3954203128814697
Loss at iteration 400 is 0.38972997665405273
Loss at iteration 500 is 0.385812371969223
Loss at iteration 600 is 0.39454078674316406
Starting epoch: 96 of 100
Loss at iteration 0 is 0.38346871733665466
Loss at iteration 100 is 0.38487809896469116
Loss at iteration 200 is 0.3875891864299774
Loss at iteration 300 is 0.3969656825065613
Loss at iteration 400 is 0.3873612880706787
Loss at iteration 500 is 0.40578651428222656
Loss at iteration 600 is 0.38815364241600037
Starting epoch: 97 of 100
Loss at iteration 0 is 0.38399964570999146
Loss at iteration 100 is 0.39233773946762085
Loss at iteration 200 is 0.3792632520198822
Loss at iteration 300 is 0.4075179696083069
Loss at iteration 400 is 0.3823186159133911
Loss at iteration 500 is 0.3844742774963379
Loss at iteration 600 is 0.37886592745780945
Starting epoch: 98 of 100
Loss at iteration 0 is 0.39260873198509216
Loss at iteration 100 is 0.389141321182251
Loss at iteration 200 is 0.39260074496269226
Loss at iteration 300 is 0.3828275203704834
Loss at iteration 400 is 0.3842303156852722
Loss at iteration 500 is 0.37459325790405273
Loss at iteration 600 is 0.39250633120536804
Starting epoch: 99 of 100
Loss at iteration 0 is 0.38127097487449646
Loss at iteration 100 is 0.40611594915390015
Loss at iteration 200 is 0.3748178482055664
Loss at iteration 300 is 0.3705522418022156
Loss at iteration 400 is 0.39092883467674255
Loss at iteration 500 is 0.40393680334091187
Loss at iteration 600 is 0.39214086532592773
Starting epoch: 100 of 100
Loss at iteration 0 is 0.3973180949687958
Loss at iteration 100 is 0.40545034408569336
Loss at iteration 200 is 0.4038510322570801
Loss at iteration 300 is 0.41282719373703003
Loss at iteration 400 is 0.3923415541648865
Loss at iteration 500 is 0.39119285345077515
Loss at iteration 600 is 0.4049484133720398
train losses are [0.6053594350814819, 0.5686346292495728, 0.5474720597267151, 0.5262961983680725, 0.5182944536209106, 0.5098348259925842, 0.49584880471229553, 0.4891833961009979, 0.4849066138267517, 0.47814345359802246, 0.47304612398147583, 0.46984559297561646, 0.46490877866744995, 0.4602929651737213, 0.45786839723587036, 0.4553109407424927, 0.4544484317302704, 0.4501543343067169, 0.4487278163433075, 0.447043776512146, 0.44477543234825134, 0.44293347001075745, 0.43906116485595703, 0.4381040930747986, 0.4378177523612976, 0.43603113293647766, 0.4353657066822052, 0.43338486552238464, 0.43354108929634094, 0.43094930052757263, 0.42797714471817017, 0.4309270977973938, 0.42523837089538574, 0.42643415927886963, 0.4263913333415985, 0.42284291982650757, 0.4222882091999054, 0.4221237599849701, 0.4228673279285431, 0.4187317192554474, 0.41895368695259094, 0.4175070822238922, 0.4158002436161041, 0.41669324040412903, 0.41535747051239014, 0.4142521917819977, 0.41259950399398804, 0.41341376304626465, 0.4113622307777405, 0.4111517369747162, 0.41373953223228455, 0.41020068526268005, 0.4100782573223114, 0.41009318828582764, 0.40940991044044495, 0.4075199067592621, 0.4087028503417969, 0.40599870681762695, 0.4071076512336731, 0.40693148970603943, 0.404704213142395, 0.40508848428726196, 0.4032985270023346, 0.4035787284374237, 0.40497085452079773, 0.40193164348602295, 0.4039058983325958, 0.40264034271240234, 0.40182095766067505, 0.4017544090747833, 0.4005376100540161, 0.4001467227935791, 0.39885035157203674, 0.3988998532295227, 0.4006751477718353, 0.39880138635635376, 0.3975338935852051, 0.3976540267467499, 0.39779844880104065, 0.39777055382728577, 0.39730364084243774, 0.39706361293792725, 0.39721590280532837, 0.3949761390686035, 0.3955167233943939, 0.395203173160553, 0.39456358551979065, 0.3945520520210266, 0.3954392969608307, 0.393002450466156, 0.39438191056251526, 0.39414918422698975, 0.3932776153087616, 0.3934251368045807, 0.39245736598968506, 0.39181283116340637, 0.3914719521999359, 0.39076924324035645, 0.39133119583129883, 0.3901209533214569]
test losses are [0.6034041047096252, 0.5670872926712036, 0.5463026762008667, 0.5250558853149414, 0.5172379612922668, 0.5089377164840698, 0.4948521852493286, 0.48852017521858215, 0.48410192131996155, 0.4773884415626526, 0.4726122319698334, 0.4693233072757721, 0.46440672874450684, 0.4600427448749542, 0.4575217664241791, 0.4552467465400696, 0.45440396666526794, 0.45040199160575867, 0.4488299489021301, 0.44718310236930847, 0.44497108459472656, 0.443447470664978, 0.4394679665565491, 0.43852320313453674, 0.4385816156864166, 0.4366660416126251, 0.4359080195426941, 0.4340035021305084, 0.4344601333141327, 0.4320644736289978, 0.42893320322036743, 0.43198785185813904, 0.4264886677265167, 0.42764464020729065, 0.4280155301094055, 0.4241282045841217, 0.42365506291389465, 0.42367398738861084, 0.42428192496299744, 0.4205235540866852, 0.4206713140010834, 0.4192885160446167, 0.41785314679145813, 0.4189475178718567, 0.41750550270080566, 0.41647592186927795, 0.4148382842540741, 0.4157092273235321, 0.4138309061527252, 0.41371214389801025, 0.41647329926490784, 0.4130944609642029, 0.4128638505935669, 0.41307252645492554, 0.41230225563049316, 0.41049644351005554, 0.41186150908470154, 0.4091600179672241, 0.41029641032218933, 0.41021421551704407, 0.40802305936813354, 0.40875890851020813, 0.40667524933815, 0.40700337290763855, 0.40869173407554626, 0.40578514337539673, 0.40786275267601013, 0.40657302737236023, 0.405886173248291, 0.4055602252483368, 0.4046764075756073, 0.40431874990463257, 0.40320900082588196, 0.40339988470077515, 0.40495577454566956, 0.40365728735923767, 0.4021121561527252, 0.4022466242313385, 0.4026242792606354, 0.40243828296661377, 0.4021952748298645, 0.4021981656551361, 0.4022262394428253, 0.40025433897972107, 0.4009365141391754, 0.4006420969963074, 0.39998236298561096, 0.40012747049331665, 0.40126827359199524, 0.3989425301551819, 0.4002610743045807, 0.40000975131988525, 0.3993111550807953, 0.39944154024124146, 0.3985063433647156, 0.39798030257225037, 0.3978186249732971, 0.3971198797225952, 0.39784786105155945, 0.39682096242904663]
